/home/nada/PycharmProjects/DiffusionEdge/.venv/lib/python3.10/site-packages/joblib/_multiprocessing_helpers.py:44: UserWarning: [Errno 13] Permission denied.  joblib will operate in serial mode
  warnings.warn("%s.  joblib will operate in serial mode" % (e,))
/home/nada/PycharmProjects/DiffusionEdge/.venv/lib/python3.10/site-packages/torchvision/models/_utils.py:208: UserWarning: The parameter 'pretrained' is deprecated since 0.13 and may be removed in the future, please use 'weights' instead.
  warnings.warn(
/home/nada/PycharmProjects/DiffusionEdge/.venv/lib/python3.10/site-packages/torchvision/models/_utils.py:223: UserWarning: Arguments other than a weight enum or `None` for 'weights' are deprecated since 0.13 and may be removed in the future. The current behavior is equivalent to passing `weights=VGG16_Weights.IMAGENET1K_V1`. You can also use `weights=VGG16_Weights.DEFAULT` to get the most up-to-date weights.
  warnings.warn(msg)
/home/nada/PycharmProjects/DiffusionEdge/.venv/lib/python3.10/site-packages/torchvision/models/_utils.py:223: UserWarning: Arguments other than a weight enum or `None` for 'weights' are deprecated since 0.13 and may be removed in the future. The current behavior is equivalent to passing `weights=Swin_B_Weights.IMAGENET1K_V1`. You can also use `weights=Swin_B_Weights.DEFAULT` to get the most up-to-date weights.
  warnings.warn(msg)
/home/nada/PycharmProjects/DiffusionEdge/.venv/lib/python3.10/site-packages/torch/functional.py:505: UserWarning: torch.meshgrid: in an upcoming release, it will be required to pass the indexing argument. (Triggered internally at /pytorch/aten/src/ATen/native/TensorShape.cpp:4317.)
  return _VF.meshgrid(tensors, **kwargs)  # type: ignore[attr-defined]
/home/nada/PycharmProjects/DiffusionEdge/denoising_diffusion_pytorch/ddm_const_sde.py:989: FutureWarning: `torch.cuda.amp.custom_fwd(args...)` is deprecated. Please use `torch.amp.custom_fwd(args..., device_type='cuda')` instead.
  def forward(ctx, input_tensor, gt_grad):
/home/nada/PycharmProjects/DiffusionEdge/denoising_diffusion_pytorch/ddm_const_sde.py:996: FutureWarning: `torch.cuda.amp.custom_bwd(args...)` is deprecated. Please use `torch.amp.custom_bwd(args..., device_type='cuda')` instead.
  def backward(ctx, grad_scale):
/home/nada/PycharmProjects/DiffusionEdge/denoising_diffusion_pytorch/ddm_const_sde.py:860: FutureWarning: `torch.cuda.amp.autocast(args...)` is deprecated. Please use `torch.amp.autocast('cuda', args...)` instead.
  with torch.cuda.amp.autocast(enabled=False):
making attention of type 'vanilla' with 512 in_channels
Working with z of shape (1, 3, 80, 80) = 19200 dimensions.
making attention of type 'vanilla' with 512 in_channels
loaded pretrained LPIPS loss from taming/modules/autoencoder/lpips/vgg.pth
Restored from ./checkpoints/first_stage_total_320.pt
==>Load AutoEncoder Info:  <All keys matched successfully>
Load swin_transformer: <All keys matched successfully>
swin
#### WEIGHTING LOSS ####
Restored from /home/nada/PycharmProjects/DiffusionEdge/runs/diffedge_rwtd_lora_stage1/bsds_to_synthperlin_lora_full_ema_init/checkpoints/bsds_ema_unwrapped.pt with 0 missing and 0 unexpected keys

[LoRA dataflow]
  1) Inputs: noisy latent x + diffusion time t + condition mask.
  2) mask -> init_conv_mask(mask) -> multiscale hm features.
  3) hm[0] is concatenated into init_conv for the denoiser stem.
  4) relation_layers_{down,up,up2} consume hm[i] at every scale with x.
  5) Final U-Net branches output (C_pred, noise_pred) used for diffusion loss/sampling.
  [LoRA dataflow] relation layer counts: {'relation_layers_down': 4, 'relation_layers_up': 4, 'relation_layers_up2': 4}
[LoRA] collect_attention_projections: 36 attention modules
[LoRA] relation_qkvo currently equals relation_qkv (no relation out-projection nn.Linear found in this model).
[LoRA] Preset=relation_qkvo_plus_initconv r=128 alpha=128.0 dropout=0.05 targets=84
[LoRA] Injected 84 LoRALinear modules (r=128, alpha=128.0, dropout=0.05):
  → model.init_conv_mask.features.0.0.attn.qkv
  → model.init_conv_mask.features.0.0.attn.proj
  → model.init_conv_mask.features.0.1.attn.qkv
  → model.init_conv_mask.features.0.1.attn.proj
  → model.init_conv_mask.features.2.0.attn.qkv
  → model.init_conv_mask.features.2.0.attn.proj
  → model.init_conv_mask.features.2.1.attn.qkv
  → model.init_conv_mask.features.2.1.attn.proj
  → model.init_conv_mask.features.4.0.attn.qkv
  → model.init_conv_mask.features.4.0.attn.proj
  → model.init_conv_mask.features.4.1.attn.qkv
  → model.init_conv_mask.features.4.1.attn.proj
  → model.init_conv_mask.features.4.2.attn.qkv
  → model.init_conv_mask.features.4.2.attn.proj
  → model.init_conv_mask.features.4.3.attn.qkv
  → model.init_conv_mask.features.4.3.attn.proj
  → model.init_conv_mask.features.4.4.attn.qkv
  → model.init_conv_mask.features.4.4.attn.proj
  → model.init_conv_mask.features.4.5.attn.qkv
  → model.init_conv_mask.features.4.5.attn.proj
  → model.init_conv_mask.features.4.6.attn.qkv
  → model.init_conv_mask.features.4.6.attn.proj
  → model.init_conv_mask.features.4.7.attn.qkv
  → model.init_conv_mask.features.4.7.attn.proj
  → model.init_conv_mask.features.4.8.attn.qkv
  → model.init_conv_mask.features.4.8.attn.proj
  → model.init_conv_mask.features.4.9.attn.qkv
  → model.init_conv_mask.features.4.9.attn.proj
  → model.init_conv_mask.features.4.10.attn.qkv
  → model.init_conv_mask.features.4.10.attn.proj
  → model.init_conv_mask.features.4.11.attn.qkv
  → model.init_conv_mask.features.4.11.attn.proj
  → model.init_conv_mask.features.4.12.attn.qkv
  → model.init_conv_mask.features.4.12.attn.proj
  → model.init_conv_mask.features.4.13.attn.qkv
  → model.init_conv_mask.features.4.13.attn.proj
  → model.init_conv_mask.features.4.14.attn.qkv
  → model.init_conv_mask.features.4.14.attn.proj
  → model.init_conv_mask.features.4.15.attn.qkv
  → model.init_conv_mask.features.4.15.attn.proj
  → model.init_conv_mask.features.4.16.attn.qkv
  → model.init_conv_mask.features.4.16.attn.proj
  → model.init_conv_mask.features.4.17.attn.qkv
  → model.init_conv_mask.features.4.17.attn.proj
  → model.init_conv_mask.features.6.0.attn.qkv
  → model.init_conv_mask.features.6.0.attn.proj
  → model.init_conv_mask.features.6.1.attn.qkv
  → model.init_conv_mask.features.6.1.attn.proj
  → model.relation_layers_down.0.attentions.0.q_lin
  → model.relation_layers_down.0.attentions.0.k_lin
  → model.relation_layers_down.0.attentions.0.v_lin
  → model.relation_layers_down.1.attentions.0.q_lin
  → model.relation_layers_down.1.attentions.0.k_lin
  → model.relation_layers_down.1.attentions.0.v_lin
  → model.relation_layers_down.2.attentions.0.q_lin
  → model.relation_layers_down.2.attentions.0.k_lin
  → model.relation_layers_down.2.attentions.0.v_lin
  → model.relation_layers_down.3.attentions.0.q_lin
  → model.relation_layers_down.3.attentions.0.k_lin
  → model.relation_layers_down.3.attentions.0.v_lin
  → model.relation_layers_up.0.attentions.0.q_lin
  → model.relation_layers_up.0.attentions.0.k_lin
  → model.relation_layers_up.0.attentions.0.v_lin
  → model.relation_layers_up.1.attentions.0.q_lin
  → model.relation_layers_up.1.attentions.0.k_lin
  → model.relation_layers_up.1.attentions.0.v_lin
  → model.relation_layers_up.2.attentions.0.q_lin
  → model.relation_layers_up.2.attentions.0.k_lin
  → model.relation_layers_up.2.attentions.0.v_lin
  → model.relation_layers_up.3.attentions.0.q_lin
  → model.relation_layers_up.3.attentions.0.k_lin
  → model.relation_layers_up.3.attentions.0.v_lin
  → model.relation_layers_up2.0.attentions.0.q_lin
  → model.relation_layers_up2.0.attentions.0.k_lin
  → model.relation_layers_up2.0.attentions.0.v_lin
  → model.relation_layers_up2.1.attentions.0.q_lin
  → model.relation_layers_up2.1.attentions.0.k_lin
  → model.relation_layers_up2.1.attentions.0.v_lin
  → model.relation_layers_up2.2.attentions.0.q_lin
  → model.relation_layers_up2.2.attentions.0.k_lin
  → model.relation_layers_up2.2.attentions.0.v_lin
  → model.relation_layers_up2.3.attentions.0.q_lin
  → model.relation_layers_up2.3.attentions.0.k_lin
  → model.relation_layers_up2.3.attentions.0.v_lin
[LoRA freeze] Total params: 309,887,333  |  Trainable (LoRA): 12,189,696  (3.93%)
  ✓ model.init_conv_mask.features.0.0.attn.qkv.lora_A
  ✓ model.init_conv_mask.features.0.0.attn.qkv.lora_B
  ✓ model.init_conv_mask.features.0.0.attn.proj.lora_A
  ✓ model.init_conv_mask.features.0.0.attn.proj.lora_B
  ✓ model.init_conv_mask.features.0.1.attn.qkv.lora_A
  ✓ model.init_conv_mask.features.0.1.attn.qkv.lora_B
  ✓ model.init_conv_mask.features.0.1.attn.proj.lora_A
  ✓ model.init_conv_mask.features.0.1.attn.proj.lora_B
  ✓ model.init_conv_mask.features.2.0.attn.qkv.lora_A
  ✓ model.init_conv_mask.features.2.0.attn.qkv.lora_B
  ✓ model.init_conv_mask.features.2.0.attn.proj.lora_A
  ✓ model.init_conv_mask.features.2.0.attn.proj.lora_B
  ... and 156 more
[LoRA] Injected prefix counts: relation_layers_down=12, relation_layers_up=12, relation_layers_up2=12, init_conv_mask=48, other=0
[LoRA dtype] model_dtypes=['torch.float32'] | lora_dtypes=['torch.float32']
### USING DEFAULT SCALE 0.30000001192092896
[LoRA usage] injected=relation_layers_down:12, relation_layers_up:12, relation_layers_up2:12, init_conv_mask:48, other:0 | executed=relation_layers_down:12, relation_layers_up:12, relation_layers_up2:12, init_conv_mask:48, other:0 | grad_present_B=relation_layers_down:12, relation_layers_up:12, relation_layers_up2:12, init_conv_mask:48, other:0 | grad_nonzero_B>1.0e-12=relation_layers_down:12, relation_layers_up:12, relation_layers_up2:12, init_conv_mask:34, other:0
[LoRA sanity] loss=2.366763 trainable_params=12,189,696 nonzero_grad_tensors=70
  grad_norm[model.init_conv_mask.features.0.0.attn.proj.lora_A]=0.000000e+00
  grad_norm[model.init_conv_mask.features.0.0.attn.proj.lora_B]=5.508900e-01
  grad_norm[model.init_conv_mask.features.0.0.attn.qkv.lora_A]=0.000000e+00
  grad_norm[model.init_conv_mask.features.0.0.attn.qkv.lora_B]=2.462151e-01
  grad_norm[model.init_conv_mask.features.0.1.attn.proj.lora_A]=0.000000e+00
  grad_norm[model.init_conv_mask.features.0.1.attn.proj.lora_B]=7.079909e-01
  grad_norm[model.init_conv_mask.features.0.1.attn.qkv.lora_A]=0.000000e+00
  grad_norm[model.init_conv_mask.features.0.1.attn.qkv.lora_B]=4.703546e-01
  grad_norm[model.init_conv_mask.features.2.0.attn.proj.lora_A]=0.000000e+00
  grad_norm[model.init_conv_mask.features.2.0.attn.proj.lora_B]=1.957444e-01
making attention of type 'vanilla' with 512 in_channels
Working with z of shape (1, 3, 80, 80) = 19200 dimensions.
making attention of type 'vanilla' with 512 in_channels
loaded pretrained LPIPS loss from taming/modules/autoencoder/lpips/vgg.pth
Restored from ./checkpoints/first_stage_total_320.pt
==>Load AutoEncoder Info:  <All keys matched successfully>
Load swin_transformer: <All keys matched successfully>
swin
#### WEIGHTING LOSS ####
Restored from /home/nada/PycharmProjects/DiffusionEdge/runs/diffedge_rwtd_lora_stage1/bsds_to_synthperlin_lora_full_ema_init/checkpoints/bsds_ema_unwrapped.pt with 0 missing and 0 unexpected keys
[LoRA] Injected 84 LoRALinear modules (r=128, alpha=128.0, dropout=0.05):
  → model.init_conv_mask.features.0.0.attn.qkv
  → model.init_conv_mask.features.0.0.attn.proj
  → model.init_conv_mask.features.0.1.attn.qkv
  → model.init_conv_mask.features.0.1.attn.proj
  → model.init_conv_mask.features.2.0.attn.qkv
  → model.init_conv_mask.features.2.0.attn.proj
  → model.init_conv_mask.features.2.1.attn.qkv
  → model.init_conv_mask.features.2.1.attn.proj
  → model.init_conv_mask.features.4.0.attn.qkv
  → model.init_conv_mask.features.4.0.attn.proj
  → model.init_conv_mask.features.4.1.attn.qkv
  → model.init_conv_mask.features.4.1.attn.proj
  → model.init_conv_mask.features.4.2.attn.qkv
  → model.init_conv_mask.features.4.2.attn.proj
  → model.init_conv_mask.features.4.3.attn.qkv
  → model.init_conv_mask.features.4.3.attn.proj
  → model.init_conv_mask.features.4.4.attn.qkv
  → model.init_conv_mask.features.4.4.attn.proj
  → model.init_conv_mask.features.4.5.attn.qkv
  → model.init_conv_mask.features.4.5.attn.proj
  → model.init_conv_mask.features.4.6.attn.qkv
  → model.init_conv_mask.features.4.6.attn.proj
  → model.init_conv_mask.features.4.7.attn.qkv
  → model.init_conv_mask.features.4.7.attn.proj
  → model.init_conv_mask.features.4.8.attn.qkv
  → model.init_conv_mask.features.4.8.attn.proj
  → model.init_conv_mask.features.4.9.attn.qkv
  → model.init_conv_mask.features.4.9.attn.proj
  → model.init_conv_mask.features.4.10.attn.qkv
  → model.init_conv_mask.features.4.10.attn.proj
  → model.init_conv_mask.features.4.11.attn.qkv
  → model.init_conv_mask.features.4.11.attn.proj
  → model.init_conv_mask.features.4.12.attn.qkv
  → model.init_conv_mask.features.4.12.attn.proj
  → model.init_conv_mask.features.4.13.attn.qkv
  → model.init_conv_mask.features.4.13.attn.proj
  → model.init_conv_mask.features.4.14.attn.qkv
  → model.init_conv_mask.features.4.14.attn.proj
  → model.init_conv_mask.features.4.15.attn.qkv
  → model.init_conv_mask.features.4.15.attn.proj
  → model.init_conv_mask.features.4.16.attn.qkv
  → model.init_conv_mask.features.4.16.attn.proj
  → model.init_conv_mask.features.4.17.attn.qkv
  → model.init_conv_mask.features.4.17.attn.proj
  → model.init_conv_mask.features.6.0.attn.qkv
  → model.init_conv_mask.features.6.0.attn.proj
  → model.init_conv_mask.features.6.1.attn.qkv
  → model.init_conv_mask.features.6.1.attn.proj
  → model.relation_layers_down.0.attentions.0.q_lin
  → model.relation_layers_down.0.attentions.0.k_lin
  → model.relation_layers_down.0.attentions.0.v_lin
  → model.relation_layers_down.1.attentions.0.q_lin
  → model.relation_layers_down.1.attentions.0.k_lin
  → model.relation_layers_down.1.attentions.0.v_lin
  → model.relation_layers_down.2.attentions.0.q_lin
  → model.relation_layers_down.2.attentions.0.k_lin
  → model.relation_layers_down.2.attentions.0.v_lin
  → model.relation_layers_down.3.attentions.0.q_lin
  → model.relation_layers_down.3.attentions.0.k_lin
  → model.relation_layers_down.3.attentions.0.v_lin
  → model.relation_layers_up.0.attentions.0.q_lin
  → model.relation_layers_up.0.attentions.0.k_lin
  → model.relation_layers_up.0.attentions.0.v_lin
  → model.relation_layers_up.1.attentions.0.q_lin
  → model.relation_layers_up.1.attentions.0.k_lin
  → model.relation_layers_up.1.attentions.0.v_lin
  → model.relation_layers_up.2.attentions.0.q_lin
  → model.relation_layers_up.2.attentions.0.k_lin
  → model.relation_layers_up.2.attentions.0.v_lin
  → model.relation_layers_up.3.attentions.0.q_lin
  → model.relation_layers_up.3.attentions.0.k_lin
  → model.relation_layers_up.3.attentions.0.v_lin
  → model.relation_layers_up2.0.attentions.0.q_lin
  → model.relation_layers_up2.0.attentions.0.k_lin
  → model.relation_layers_up2.0.attentions.0.v_lin
  → model.relation_layers_up2.1.attentions.0.q_lin
  → model.relation_layers_up2.1.attentions.0.k_lin
  → model.relation_layers_up2.1.attentions.0.v_lin
  → model.relation_layers_up2.2.attentions.0.q_lin
  → model.relation_layers_up2.2.attentions.0.k_lin
  → model.relation_layers_up2.2.attentions.0.v_lin
  → model.relation_layers_up2.3.attentions.0.q_lin
  → model.relation_layers_up2.3.attentions.0.k_lin
  → model.relation_layers_up2.3.attentions.0.v_lin
[LoRA] Loaded 168 LoRA tensors from /tmp/lora_roundtrip_q1b3d7m8/lora.pt
[LoRA save/load] Round-trip OK: tensors=168, modules=84 temp=/tmp/lora_roundtrip_q1b3d7m8/lora.pt
[LoRA sanity] Completed successfully. trainable=12,189,696 nonzero_grad_tensors=70
